[2025-08-20T13:00:36] Scanning for bots in /home/runner/work/NeuronLabs/NeuronLabs/bots
[2025-08-20T13:02:43] Scanning for bots in /home/runner/work/NeuronLabs/NeuronLabs/bots
[2025-08-20T13:03:01] Scanning for bots in /home/runner/work/NeuronLabs/NeuronLabs/bots
[2025-08-20T13:03:15] Scanning for bots in /home/runner/work/NeuronLabs/NeuronLabs/bots
Registering bot: test_bot
  Path: /home/runner/work/NeuronLabs/NeuronLabs/bots/test_bot
  SHA256: 484c8a8881a73cca48afd75798bb02e2d4ffad45ff58395f68ef1168ca077f48
Test bot v1.0 - audit passed
[2025-08-20T13:07:02] Scanning for bots in /home/runner/work/NeuronLabs/NeuronLabs/bots
Registering bot: test_bot
  Path: /home/runner/work/NeuronLabs/NeuronLabs/bots/test_bot
  SHA256: 484c8a8881a73cca48afd75798bb02e2d4ffad45ff58395f68ef1168ca077f48
Test bot v1.0 - audit passed
Below is one approach to building a containerized “always-on” cloudspace engine that leverages OneDrive (via rclone) and provides an autonomous librarian/bot service—one that you can also integrate with Telegram (or other web‑dev interfaces). This walkthrough covers:


• **Prerequisites installation via apt**  

• **rclone configuration for OneDrive**  

• **A minimal Python “engine” with a Telegram‐bot–style structure**  

• **Containerization (using Docker/Docker‑Compose) so the bot is always on call**  


Each step is modular so you can adapt it to other cloud endpoints later.


---


## 1. Pre-Requisites from APT


Make sure your system has the necessary packages. On your Ubuntu environment (or within your container base) run:


```bash

# Update and install essential packages

sudo apt-get update --fix-missing

sudo apt-get install -y python3 python3-pip python3-venv rclone docker.io fuse

```


*Notes:*


- **`rclone`** is used to interact with OneDrive.

- **`fuse`** is needed for mounting cloud storage.

- **`docker.io`** installs Docker if you plan to build/run containers locally.


---

## 2. Configuring rclone for OneDrive


Before containerizing your bot, configure rclone to connect to OneDrive. You need to run:


```bash

rclone config

```


Then choose the following (interactive or use a prewritten config file):


1. **New Remote**: Type `n`

2. **Name**: For example `onedrive`

3. **Storage**: Select number for “OneDrive” (usually it’s listed)

4. Follow the remaining prompts to authenticate with your Microsoft Developer credentials.  

5. Once done, your configuration is stored in `~/.config/rclone/rclone.conf`.


*Tip:* If you want to inject this configuration into your container, you can mount the config file from your host to the container (see the Docker‑Compose snippet later).


---


## 3. Building the Python Bot Engine


The following is a simplified version of a bot–engine script. It assumes the bot may later receive commands (via Telegram or HTTP endpoints) and know how to query or add code to your “librarian” backend stored on OneDrive. Save this as `bot_engine.py`:


```python

#!/usr/bin/env python3

"""

Bot Engine for Cloudspace Librarian Service


This script demonstrates:

  - Initialization of a local “library” area on a cloudspace mount (via rclone)

  - Basic command handling and auto-integration with external interfaces (e.g., Telegram)

  - An engine calling function structure to process requests

"""


import os

import time

import logging

from flask import Flask, request, jsonify


# -- Engine configuration --

LIBRARY_MOUNT = "/onedrive/library"  # rclone will mount OneDrive here


# Create a Flask app for webhooks/HTTP-based interactions

app = Flask(__name__)


# Configure logging

logging.basicConfig(level=logging.INFO)

logger = logging.getLogger("bot_engine")


# Dummy function to simulate a librarian bot action

def organize_code(data):

    """

    Organize, index, or ingest a new code snippet into the library.

    In a real implementation, you might parse metadata, reformat code,

    and move the file into a sorted structure.

    """

    logger.info("Organizing code snippet: %s", data.get("snippet", "")[:30])

    # ... include logic to save/index code in LIBRARY_MOUNT ...

    return {"status": "organized", "snippet_preview": data.get("snippet", "")[:30]}


def call_engine_function(command, data):

    """

    Routing function which calls different engines based on the command.

    """

    if command == "organize":

        return organize_code(data)

    # Extend with additional commands (e.g., search, update, fetch)

    else:

        return {"error": "Unknown command"}


# Endpoint to receive commands (could be invoked via Telegram Bot Webhook or directly)

@app.route("/engine", methods=["POST"])

def engine():

    req = request.json

    if not req:

        return jsonify({"error": "No JSON data provided"}), 400


    command = req.get("command")

    if not command:

        return jsonify({"error": "No command specified"}), 400


    logger.info("Received command: %s", command)

    response = call_engine_function(command, req)

    return jsonify(response)


if __name__ == "__main__":

    # This example assumes your OneDrive is mounted at LIBRARY_MOUNT (see Docker setup below)

    if not os.path.exists(LIBRARY_MOUNT):

        os.makedirs(LIBRARY_MOUNT, exist_ok=True)

    logger.info("Starting Bot Engine with library mount at: %s", LIBRARY_MOUNT)

    # Run the Flask app; in production, use a proper WSGI server

    app.run(host="0.0.0.0", port=5000)

```


*Key Points:*


- The engine sets up a Flask endpoint (`/engine`) to receive JSON commands (e.g., from a Telegram bot webhook or a browser-based admin UI).

- The `call_engine_function` acts as a router for different commands. Later, you can implement search, update, or retrieval functions.

- The code assumes that the OneDrive remote (via rclone) has been mounted to a known path (`/onedrive/library`).


---


## 4. Containerizing the Service (Dockerfile & Entrypoint)


To ensure your bot engine is always on call—and to facilitate integration with rclone—you can use a container. Create a file named `Dockerfile`:


```dockerfile

# Use an official Python slim image

FROM python:3.9-slim


# Install system dependencies, including rclone and fuse for mounting

RUN apt-get update && \

    apt-get install -y rclone fuse && \

    rm -rf /var/lib/apt/lists/*


# Set workdir and install Python dependencies

WORKDIR /app

COPY requirements.txt .

RUN pip install --no-cache-dir -r requirements.txt


# Copy the application code

COPY bot_engine.py .

COPY entrypoint.sh .


# Make the entrypoint script executable

RUN chmod +x entrypoint.sh


# Expose port 5000 for Flask

EXPOSE 5000


# Use the entrypoint script as command

ENTRYPOINT ["./entrypoint.sh"]

```


Create a corresponding `requirements.txt` file:


```

Flask==2.2.3

# Optionally, include telegram bot integration:

python-telegram-bot==13.15

```


Now, create an `entrypoint.sh` to mount OneDrive and then start your engine. For example:


```bash

#!/bin/bash

# entrypoint.sh


# Ensure OneDrive is mounted at /onedrive using the rclone configuration.

# 'onedrive:' is the remote name configured via "rclone config".

# '--daemon' runs it in the background.

mkdir -p /onedrive

echo "Mounting OneDrive remote..."

rclone mount onedrive: /onedrive --daemon


# Optionally, wait a few seconds to ensure the mount is ready.

sleep 5


echo "Starting bot engine..."

# Start the Python bot engine.

python bot_engine.py

```


*Note:*  

- Ensure your rclone configuration file (typically at `~/.config/rclone/rclone.conf`) is provided to the container. In Docker‑Compose, you can mount this file.


---


## 5. Docker‑Compose for Easy Deployment


Create a `docker-compose.yml` to manage the container and mount your rclone config file from the host:


```yaml

version: '3'

services:

  librarian_bot:

    build: .

    ports:

      - "5000:5000"

    volumes:

      # Mount your local rclone config into the container.

      - ~/.config/rclone/rclone.conf:/root/.config/rclone/rclone.conf:ro

```


Now, run:


```bash

docker-compose build

docker-compose up -d

```


This starts your containerized bot engine, which mounts OneDrive at `/onedrive` and listens on port 5000 for engine commands. You can then use rclone (perhaps even via rclone’s own scheduling) to sync other components or to integrate additional cloud storage endpoints.


---


## 6. Integration with Telegram or Other Interfaces


The code in `bot_engine.py` is written so it can be extended with a Telegram Bot integration. For example, if you use the `python-telegram-bot` library, you can create a handler that receives a message and then makes an HTTP POST to your `/engine` endpoint with the command and any data.


A high-level snippet might look like:


```python

from telegram.ext import Updater, CommandHandler, MessageHandler, Filters

import requests


TELEGRAM_TOKEN = "YOUR_TELEGRAM_BOT_TOKEN"


def telegram_command_handler(update, context):

    command = update.message.text.split()[0].lstrip('/')

    data = {"command": command, "snippet": update.message.text}

    # Forward the command to our engine endpoint

    try:

        r = requests.post("http://localhost:5000/engine", json=data)

        response = r.json()

        update.message.reply_text(f"Engine response: {response}")

    except Exception as e:

        update.message.reply_text(f"Error contacting engine: {e}")


def main_telegram_bot():

    updater = Updater(TELEGRAM_TOKEN, use_context=True)

    dp = updater.dispatcher

    dp.add_handler(MessageHandler(Filters.text, telegram_command_handler))

    updater.start_polling()

    updater.idle()


if __name__ == "__main__":

    main_telegram_bot()

```


You can run this as a separate service (or combine it with the Flask engine, if desired).


---


## Summary


1. **Install prerequisites** using apt for Python, rclone, Docker, etc.

2. **Configure rclone** to connect to your OneDrive via `rclone config`.

3. Develop a **Python bot engine** (using Flask) that can accept commands to manage your code library.

4. **Containerize** the service with a Dockerfile and an entrypoint that mounts OneDrive with rclone.

5. Optionally, use **Docker‑Compose** to set up volumes (like your rclone config) and manage the container lifecycle.

6. **Extend the engine** to integrate with Telegram or other interfaces so your “librarian bots” are always reachable.


**This model gives you a reproducible, always-on cloudspace bot service that integrates with OneDrive (and can later be extended to integrate with additional cloud providers). You can further refine the engine functions to add automated code indexing, advanced search, and additional API endpoints for full automation.**


#There will be additional details on integrating advanced indexing, splitting the responsibilities into microservices, and further refining the Telegram bot command structure.
